{"numTotalTestSuites":5,"numPassedTestSuites":1,"numFailedTestSuites":4,"numPendingTestSuites":0,"numTotalTests":6,"numPassedTests":4,"numFailedTests":2,"numPendingTests":0,"numTodoTests":0,"snapshot":{"added":0,"failure":false,"filesAdded":0,"filesRemoved":0,"filesRemovedList":[],"filesUnmatched":0,"filesUpdated":0,"matched":0,"total":0,"unchecked":0,"uncheckedKeysByFile":[],"unmatched":0,"updated":0,"didUpdate":false},"startTime":1773328457716,"success":false,"testResults":[{"assertionResults":[{"ancestorTitles":["Python Bridge Integration","Python Environment"],"fullName":"Python Bridge Integration Python Environment should have Python available","status":"passed","title":"should have Python available","duration":24.290399999999977,"failureMessages":[],"meta":{},"tags":[]},{"ancestorTitles":["Python Bridge Integration","Python Environment"],"fullName":"Python Bridge Integration Python Environment should have stt.py script available","status":"passed","title":"should have stt.py script available","duration":0.5067999999999984,"failureMessages":[],"meta":{},"tags":[]},{"ancestorTitles":["Python Bridge Integration","Python Environment"],"fullName":"Python Bridge Integration Python Environment should list available backends","status":"failed","title":"should list available backends","duration":5018.6764,"failureMessages":["Error: STACK_TRACE_ERROR\n    at task (file:///D:/Users/Administrator/opencode/OpenCodeTTS/node_modules/@vitest/runner/dist/index.js:1139:27)\n    at Object.<anonymous> (file:///D:/Users/Administrator/opencode/OpenCodeTTS/node_modules/@vitest/runner/dist/index.js:1172:16)\n    at Object.<anonymous> (file:///D:/Users/Administrator/opencode/OpenCodeTTS/node_modules/@vitest/runner/dist/index.js:918:28)\n    at chain (file:///D:/Users/Administrator/opencode/OpenCodeTTS/node_modules/@vitest/runner/dist/chunk-tasks.js:13:14)\n    at D:/Users/Administrator/opencode/OpenCodeTTS/tests/integration/python-bridge.test.ts:37:5\n    at file:///D:/Users/Administrator/opencode/OpenCodeTTS/node_modules/@vitest/runner/dist/index.js:1244:40\n    at runWithSuite (file:///D:/Users/Administrator/opencode/OpenCodeTTS/node_modules/@vitest/runner/dist/index.js:1613:8)\n    at Object.collect (file:///D:/Users/Administrator/opencode/OpenCodeTTS/node_modules/@vitest/runner/dist/index.js:1244:10)\n    at Object.collect (file:///D:/Users/Administrator/opencode/OpenCodeTTS/node_modules/@vitest/runner/dist/index.js:1248:54)\n    at processTicksAndRejections (node:internal/process/task_queues:103:5)"],"meta":{},"tags":[]},{"ancestorTitles":["Python Bridge Integration","STT Transcription"],"fullName":"Python Bridge Integration STT Transcription should transcribe audio file and return JSON","status":"passed","title":"should transcribe audio file and return JSON","duration":47137.1135,"failureMessages":[],"meta":{},"tags":[]},{"ancestorTitles":["Python Bridge Integration","STT Transcription"],"fullName":"Python Bridge Integration STT Transcription should handle invalid audio file gracefully","status":"failed","title":"should handle invalid audio file gracefully","duration":30013.986899999996,"failureMessages":["Error: STACK_TRACE_ERROR\n    at task (file:///D:/Users/Administrator/opencode/OpenCodeTTS/node_modules/@vitest/runner/dist/index.js:1139:27)\n    at Object.<anonymous> (file:///D:/Users/Administrator/opencode/OpenCodeTTS/node_modules/@vitest/runner/dist/index.js:1172:16)\n    at Object.<anonymous> (file:///D:/Users/Administrator/opencode/OpenCodeTTS/node_modules/@vitest/runner/dist/index.js:918:28)\n    at chain (file:///D:/Users/Administrator/opencode/OpenCodeTTS/node_modules/@vitest/runner/dist/chunk-tasks.js:13:14)\n    at D:/Users/Administrator/opencode/OpenCodeTTS/tests/integration/python-bridge.test.ts:110:5\n    at file:///D:/Users/Administrator/opencode/OpenCodeTTS/node_modules/@vitest/runner/dist/index.js:1244:40\n    at runWithSuite (file:///D:/Users/Administrator/opencode/OpenCodeTTS/node_modules/@vitest/runner/dist/index.js:1613:8)\n    at Object.collect (file:///D:/Users/Administrator/opencode/OpenCodeTTS/node_modules/@vitest/runner/dist/index.js:1244:10)\n    at Object.collect (file:///D:/Users/Administrator/opencode/OpenCodeTTS/node_modules/@vitest/runner/dist/index.js:1248:54)\n    at processTicksAndRejections (node:internal/process/task_queues:103:5)"],"meta":{},"tags":[]},{"ancestorTitles":["Python Bridge Integration","JSON Protocol"],"fullName":"Python Bridge Integration JSON Protocol should output valid JSON format","status":"passed","title":"should output valid JSON format","duration":5866.760999999999,"failureMessages":[],"meta":{},"tags":[]}],"startTime":1773328458122,"endTime":1773328546186.761,"status":"failed","message":"","name":"D:/Users/Administrator/opencode/OpenCodeTTS/tests/integration/python-bridge.test.ts"}]}