{"numTotalTestSuites":2,"numPassedTestSuites":2,"numFailedTestSuites":0,"numPendingTestSuites":0,"numTotalTests":3,"numPassedTests":3,"numFailedTests":0,"numPendingTests":0,"numTodoTests":0,"snapshot":{"added":0,"failure":false,"filesAdded":0,"filesRemoved":0,"filesRemovedList":[],"filesUnmatched":0,"filesUpdated":0,"matched":0,"total":0,"unchecked":0,"uncheckedKeysByFile":[],"unmatched":0,"updated":0,"didUpdate":false},"startTime":1773389872551,"success":true,"testResults":[{"assertionResults":[{"ancestorTitles":["STT Integration"],"fullName":"STT Integration should list available backends and return JSON","status":"passed","title":"should list available backends and return JSON","duration":3271.2381,"failureMessages":[],"meta":{},"tags":[]},{"ancestorTitles":["STT Integration"],"fullName":"STT Integration should return valid JSON structure for list-backends","status":"passed","title":"should return valid JSON structure for list-backends","duration":3228.5579000000002,"failureMessages":[],"meta":{},"tags":[]},{"ancestorTitles":["STT Integration"],"fullName":"STT Integration should handle invalid audio file gracefully","status":"passed","title":"should handle invalid audio file gracefully","duration":24438.2297,"failureMessages":[],"meta":{},"tags":[]}],"startTime":1773389872857,"endTime":1773389903795.2297,"status":"passed","message":"","name":"D:/Users/Administrator/opencode/OpenCodeTTS/.worktrees/floating-ball/tests/integration/stt.test.js"}]}